<?xml version="1.0" encoding="UTF-8"?>
<!-- Generated by org.testng.reporters.JUnitReportReporter -->
<testsuite hostname="AMIR_HP" failures="0" tests="1" name="FirstTestprogram.SeleniumTest" time="8.392" errors="0" timestamp="2023-03-08T00:44:28 EST" skipped="0">
  <testcase classname="FirstTestprogram.SeleniumTest" name="Start" time="8.392"/>
  <system-out/>
</testsuite> <!-- FirstTestprogram.SeleniumTest -->
